\BOOKMARK [0][-]{chapter*.1}{Dedication}{}% 1
\BOOKMARK [0][-]{chapter*.2}{Acknowledgments}{}% 2
\BOOKMARK [0][-]{chapter*.3}{Abstract}{}% 3
\BOOKMARK [0][-]{chapter*.5}{List of Figures}{}% 4
\BOOKMARK [0][-]{chapter.1}{Introduction}{}% 5
\BOOKMARK [1][-]{section.1.1}{Why does long-range holography matter?}{chapter.1}% 6
\BOOKMARK [1][-]{section.1.2}{Organization}{chapter.1}% 7
\BOOKMARK [0][-]{chapter.2}{Fundamentals of Light}{}% 8
\BOOKMARK [1][-]{section.2.1}{History of Optics}{chapter.2}% 9
\BOOKMARK [1][-]{section.2.2}{Light is Electromagnetic Waves}{chapter.2}% 10
\BOOKMARK [1][-]{section.2.3}{Solution of Wave Equations}{chapter.2}% 11
\BOOKMARK [1][-]{section.2.4}{Experimental Parameters}{chapter.2}% 12
\BOOKMARK [1][-]{section.2.5}{Diffraction of Light}{chapter.2}% 13
\BOOKMARK [2][-]{subsection.2.5.1}{Rayleigh-Sommerfeld Diffraction Theory}{section.2.5}% 14
\BOOKMARK [2][-]{subsection.2.5.2}{Fresnel and Fraunhofer Diffraction}{section.2.5}% 15
\BOOKMARK [1][-]{section.2.6}{Optical Forces}{chapter.2}% 16
\BOOKMARK [0][-]{chapter.3}{Holographic Creation of Topological Modes of Light}{}% 17
\BOOKMARK [1][-]{section.3.1}{Topological Modes of Light}{chapter.3}% 18
\BOOKMARK [1][-]{section.3.2}{Applications of Topological Modes}{chapter.3}% 19
\BOOKMARK [1][-]{section.3.3}{Hermite-Gaussian and \040Laguerre-Gaussian Modes}{chapter.3}% 20
\BOOKMARK [1][-]{section.3.4}{Propagation Invariant Modes}{chapter.3}% 21
\BOOKMARK [2][-]{subsection.3.4.1}{Bessel Beams}{section.3.4}% 22
\BOOKMARK [2][-]{subsection.3.4.2}{Other Propagation-Invariant Modes}{section.3.4}% 23
\BOOKMARK [1][-]{section.3.5}{Optical Tweezers}{chapter.3}% 24
\BOOKMARK [1][-]{section.3.6}{Holographic Optical Trapping}{chapter.3}% 25
\BOOKMARK [1][-]{section.3.7}{Phase-Only Holograms}{chapter.3}% 26
\BOOKMARK [0][-]{chapter.4}{Projecting Long Range Non-Diffracting Waves}{}% 27
\BOOKMARK [1][-]{section.4.1}{Tractor Beam: A Special Case of Non-Diffracting Waves}{chapter.4}% 28
\BOOKMARK [2][-]{subsection.4.1.1}{Conveyor Beam}{section.4.1}% 29
\BOOKMARK [2][-]{subsection.4.1.2}{Solenoidal Beam}{section.4.1}% 30
\BOOKMARK [2][-]{subsection.4.1.3}{Strongly Localized Solenoidal Beam}{section.4.1}% 31
\BOOKMARK [1][-]{section.4.2}{Projecting Bessel Beam with \040Digital Hologram}{chapter.4}% 32
\BOOKMARK [1][-]{section.4.3}{Intermediate Plane Holography}{chapter.4}% 33
\BOOKMARK [1][-]{section.4.4}{Volumetric Imaging}{chapter.4}% 34
\BOOKMARK [1][-]{section.4.5}{Conclusion}{chapter.4}% 35
\BOOKMARK [1][-]{section.4.6}{Acknowledgment}{chapter.4}% 36
\BOOKMARK [0][-]{chapter.5}{Classically accelerating solenoidal wave packets in two dimensions}{}% 37
\BOOKMARK [1][-]{section.5.1}{Acknowledgment}{chapter.5}% 38
\BOOKMARK [0][-]{chapter.6}{Conclusions}{}% 39
\BOOKMARK [0][-]{chapter*.29}{Bibliography}{}% 40
